<?xml version="1.0" encoding="UTF-8"?>
<!-- Generated by org.testng.reporters.JUnitXMLReporter -->
<testsuite ignored="3" hostname="DESKTOP-JU6JKP0" failures="1" tests="1" name="Test Suite 1" time="53.526" errors="0" timestamp="2023-04-16T17:35:37 IST">
  <testcase classname="core.AppiumTest" name="chartinksetUp" time="52.974">
    <failure type="org.openqa.selenium.SessionNotCreatedException" message="Could not start a new session. Response code 500. Message: An unknown server-side error occurred while processing the command. Original error: No Chromedriver found that can automate Chrome &amp;apos;112.0.5615&amp;apos;. You could also try to enable automated chromedrivers download as a possible workaround. 
Host info: host: &amp;apos;DESKTOP-JU6JKP0&amp;apos;, ip: &amp;apos;192.168.1.9&amp;apos;
Build info: version: &amp;apos;4.8.3&amp;apos;, revision: &amp;apos;e5e76298c3&amp;apos;
System info: os.name: &amp;apos;Windows 10&amp;apos;, os.arch: &amp;apos;amd64&amp;apos;, os.version: &amp;apos;10.0&amp;apos;, java.version: &amp;apos;18.0.1&amp;apos;
Driver info: io.appium.java_client.android.AndroidDriver
Command: [null, newSession {capabilities=[{appium:autoLaunch=true, appium:noReset=true, appium:unlockKey=9738, appium:unlockType=pin, appium:automationName=UiAutomator2, browserName=Chrome, appium:deviceName=Android Device, platformName=ANDROID}], desiredCapabilities=Capabilities {appium:autoLaunch: true, appium:noReset: true, appium:unlockKey: 9738, appium:unlockType: pin, automationName: UiAutomator2, browserName: Chrome, deviceName: Android Device, platformName: ANDROID}}]
Capabilities {appium:autoLaunch: true, appium:noReset: true, appium:unlockKey: 9738, appium:unlockType: pin, automationName: UiAutomator2, browserName: Chrome, deviceName: Android Device, platformName: ANDROID}">
      <![CDATA[org.openqa.selenium.SessionNotCreatedException: Could not start a new session. Response code 500. Message: An unknown server-side error occurred while processing the command. Original error: No Chromedriver found that can automate Chrome '112.0.5615'. You could also try to enable automated chromedrivers download as a possible workaround. 
Host info: host: 'DESKTOP-JU6JKP0', ip: '192.168.1.9'
Build info: version: '4.8.3', revision: 'e5e76298c3'
System info: os.name: 'Windows 10', os.arch: 'amd64', os.version: '10.0', java.version: '18.0.1'
Driver info: io.appium.java_client.android.AndroidDriver
Command: [null, newSession {capabilities=[{appium:autoLaunch=true, appium:noReset=true, appium:unlockKey=9738, appium:unlockType=pin, appium:automationName=UiAutomator2, browserName=Chrome, appium:deviceName=Android Device, platformName=ANDROID}], desiredCapabilities=Capabilities {appium:autoLaunch: true, appium:noReset: true, appium:unlockKey: 9738, appium:unlockType: pin, automationName: UiAutomator2, browserName: Chrome, deviceName: Android Device, platformName: ANDROID}}]
Capabilities {appium:autoLaunch: true, appium:noReset: true, appium:unlockKey: 9738, appium:unlockType: pin, automationName: UiAutomator2, browserName: Chrome, deviceName: Android Device, platformName: ANDROID}
at org.openqa.selenium.remote.ProtocolHandshake.createSession(ProtocolHandshake.java:148)
at java.base/jdk.internal.reflect.DirectMethodHandleAccessor.invoke(DirectMethodHandleAccessor.java:104)
at java.base/java.lang.reflect.Method.invoke(Method.java:577)
at io.appium.java_client.remote.AppiumProtocolHandshake.createSession(AppiumProtocolHandshake.java:133)
at io.appium.java_client.remote.AppiumProtocolHandshake.createSession(AppiumProtocolHandshake.java:102)
at io.appium.java_client.remote.AppiumCommandExecutor.createSession(AppiumCommandExecutor.java:194)
at io.appium.java_client.remote.AppiumCommandExecutor.execute(AppiumCommandExecutor.java:262)
at org.openqa.selenium.remote.RemoteWebDriver.execute(RemoteWebDriver.java:543)
at io.appium.java_client.AppiumDriver.startSession(AppiumDriver.java:229)
at org.openqa.selenium.remote.RemoteWebDriver.<init>(RemoteWebDriver.java:157)
at io.appium.java_client.AppiumDriver.<init>(AppiumDriver.java:80)
at io.appium.java_client.AppiumDriver.<init>(AppiumDriver.java:92)
at io.appium.java_client.android.AndroidDriver.<init>(AndroidDriver.java:117)
at core.AppiumTest.chartinksetUp(AppiumTest.java:351)
at java.base/jdk.internal.reflect.DirectMethodHandleAccessor.invoke(DirectMethodHandleAccessor.java:104)
at java.base/java.lang.reflect.Method.invoke(Method.java:577)
at org.testng.internal.MethodInvocationHelper.invokeMethod(MethodInvocationHelper.java:132)
at org.testng.internal.TestInvoker.invokeMethod(TestInvoker.java:599)
at org.testng.internal.TestInvoker.invokeTestMethod(TestInvoker.java:174)
at org.testng.internal.MethodRunner.runInSequence(MethodRunner.java:46)
at org.testng.internal.TestInvoker$MethodInvocationAgent.invoke(TestInvoker.java:822)
at org.testng.internal.TestInvoker.invokeTestMethods(TestInvoker.java:147)
at org.testng.internal.TestMethodWorker.invokeTestMethods(TestMethodWorker.java:146)
at org.testng.internal.TestMethodWorker.run(TestMethodWorker.java:128)
at java.base/java.util.ArrayList.forEach(ArrayList.java:1511)
at org.testng.TestRunner.privateRun(TestRunner.java:764)
at org.testng.TestRunner.run(TestRunner.java:585)
at org.testng.SuiteRunner.runTest(SuiteRunner.java:384)
at org.testng.SuiteRunner.runSequentially(SuiteRunner.java:378)
at org.testng.SuiteRunner.privateRun(SuiteRunner.java:337)
at org.testng.SuiteRunner.run(SuiteRunner.java:286)
at org.testng.SuiteRunnerWorker.runSuite(SuiteRunnerWorker.java:53)
at org.testng.SuiteRunnerWorker.run(SuiteRunnerWorker.java:96)
at java.base/java.util.concurrent.ThreadPoolExecutor.runWorker(ThreadPoolExecutor.java:1136)
at java.base/java.util.concurrent.ThreadPoolExecutor$Worker.run(ThreadPoolExecutor.java:635)
at java.base/java.lang.Thread.run(Thread.java:833)
]]>
    </failure>
  </testcase> <!-- chartinksetUp -->
  <testcase classname="core.AppiumTest" name="btestApp" time="0.0">
    <ignored/>
  </testcase> <!-- btestApp -->
  <testcase classname="core.AppiumTest" name="asetUp" time="0.0">
    <ignored/>
  </testcase> <!-- asetUp -->
  <testcase classname="core.AppiumTest" name="cbuylist" time="0.0">
    <ignored/>
  </testcase> <!-- cbuylist -->
</testsuite> <!-- Test Suite 1 -->
